[1m[92m    Checking[0m rustix v1.1.4
[1m[92m   Compiling[0m serde_derive v1.0.228
[1m[92m    Checking[0m zerocopy v0.8.48
[1m[92m    Checking[0m futures-util v0.3.32
[1m[92m   Compiling[0m wayland-scanner v0.31.10
[1m[92m    Checking[0m ttf-parser v0.25.1
[1m[92m    Checking[0m read-fonts v0.37.0
[1m[92m    Checking[0m glam v0.25.0
[1m[92m   Compiling[0m serde_core v1.0.228
[1m[92m   Compiling[0m hashbrown v0.17.0
[1m[92m   Compiling[0m equivalent v1.0.2
[1m[92m    Checking[0m roxmltree v0.20.0
[1m[92m   Compiling[0m ash v0.38.0+1.3.281
[1m[92m    Checking[0m hashbrown v0.16.1
[1m[92m    Checking[0m fontconfig-parser v0.5.8
[1m[92m   Compiling[0m indexmap v2.14.0
[1m[92m    Checking[0m tinyvec v1.11.0
[1m[92m   Compiling[0m glib-sys v0.22.3
[1m[92m    Checking[0m parking_lot v0.12.5
[1m[92m    Checking[0m slotmap v1.1.1
[1m[92m   Compiling[0m naga v28.0.0
[1m[92m   Compiling[0m tracing-attributes v0.1.31
[1m[92m    Checking[0m tracing-core v0.1.36
[1m[92m    Checking[0m zeno v0.3.3
[1m[92m    Checking[0m unicode-width v0.2.2
[1m[92m    Checking[0m bit-vec v0.8.0
[1m[92m    Checking[0m yazi v0.2.1
[1m[92m   Compiling[0m khronos-egl v6.0.0
[1m[92m    Checking[0m fontdb v0.23.0
[1m[92m    Checking[0m bit-set v0.8.0
[1m[92m    Checking[0m codespan-reporting v0.12.0
[1m[92m   Compiling[0m toml_edit v0.25.11+spec-1.1.0
[1m[92m   Compiling[0m gobject-sys v0.22.0
[1m[92m   Compiling[0m wgpu-hal v28.0.1
[1m[92m   Compiling[0m enumflags2_derive v0.7.12
[1m[92m    Checking[0m futures-executor v0.3.32
[1m[92m    Checking[0m gpu-descriptor-types v0.2.0
